<?xml version='1.0'?>
<ns2:test-suite xmlns:ns2='urn:model.allure.qatools.yandex.ru' start='1637509784391' stop='1637509815841'>
    <name>Otlook Login Functionality validation</name>
    <title>Otlook Login Functionality validation</title>
    <test-cases>
        <test-case start='1637509785368' status='passed' stop='1637509793924'>
            <name>Outlook LoginFirstData</name>
            <title>Outlook LoginFirstData</title>
            <labels/>
            <parameters/>
            <steps/>
            <attachments/>
        </test-case>
        <test-case start='1637509793926' status='failed' stop='1637509815609'>
            <name>Adding Manifest file to outlook</name>
            <title>Adding Manifest file to outlook</title>
            <labels/>
            <parameters/>
            <steps/>
            <attachments/>
            <failure>
                <message>Failed: Failed to click the element
                Wait timed out after 20033ms</message>
                <stack-trace>TimeoutError: Failed to click the element
                Wait timed out after 20033ms
                    at C:\Users\admin\Documents\OtlookAutomatione2e\node_modules\selenium-webdriver\lib\promise.js:2201:17
                    at ManagedPromise.invokeCallback_ (C:\Users\admin\Documents\OtlookAutomatione2e\node_modules\selenium-webdriver\lib\promise.js:1376:14)
                    at TaskQueue.execute_ (C:\Users\admin\Documents\OtlookAutomatione2e\node_modules\selenium-webdriver\lib\promise.js:3084:14)
                    at TaskQueue.executeNext_ (C:\Users\admin\Documents\OtlookAutomatione2e\node_modules\selenium-webdriver\lib\promise.js:3067:27)
                    at C:\Users\admin\Documents\OtlookAutomatione2e\node_modules\selenium-webdriver\lib\promise.js:2927:27
                    at C:\Users\admin\Documents\OtlookAutomatione2e\node_modules\selenium-webdriver\lib\promise.js:668:7
                    at runMicrotasks (&lt;anonymous>)
                    at processTicksAndRejections (internal/process/task_queues.js:95:5)
                From: Task: Failed to click the element
                    at scheduleWait (C:\Users\admin\Documents\OtlookAutomatione2e\node_modules\selenium-webdriver\lib\promise.js:2188:20)
                    at ControlFlow.wait (C:\Users\admin\Documents\OtlookAutomatione2e\node_modules\selenium-webdriver\lib\promise.js:2517:12)
                    at thenableWebDriverProxy.wait (C:\Users\admin\Documents\OtlookAutomatione2e\node_modules\selenium-webdriver\lib\webdriver.js:934:29)
                    at run (C:\Users\admin\Documents\OtlookAutomatione2e\node_modules\protractor\built\browser.js:58:33)
                    at ProtractorBrowser.to.&lt;computed> [as wait] (C:\Users\admin\Documents\OtlookAutomatione2e\node_modules\protractor\built\browser.js:66:16)
                    at AddPluginPage.&lt;anonymous> (C:\Users\admin\Documents\OtlookAutomatione2e\MainBase\base\ProtractorBase.ts:16:23)
                    at Generator.next (&lt;anonymous>)
                    at C:\Users\admin\Documents\OtlookAutomatione2e\JSFiles\MainBase\base\ProtractorBase.js:8:71
                    at new Promise (&lt;anonymous>)
                    at __awaiter (C:\Users\admin\Documents\OtlookAutomatione2e\JSFiles\MainBase\base\ProtractorBase.js:4:12)
                From: Task: Run it("Adding Manifest file to outlook") in control flow
                    at UserContext.&lt;anonymous> (C:\Users\admin\Documents\OtlookAutomatione2e\node_modules\jasminewd2\index.js:94:19)
                    at attempt (C:\Users\admin\Documents\OtlookAutomatione2e\node_modules\protractor\node_modules\jasmine-core\lib\jasmine-core\jasmine.js:4297:26)
                    at QueueRunner.run (C:\Users\admin\Documents\OtlookAutomatione2e\node_modules\protractor\node_modules\jasmine-core\lib\jasmine-core\jasmine.js:4217:20)
                    at runNext (C:\Users\admin\Documents\OtlookAutomatione2e\node_modules\protractor\node_modules\jasmine-core\lib\jasmine-core\jasmine.js:4257:20)
                    at C:\Users\admin\Documents\OtlookAutomatione2e\node_modules\protractor\node_modules\jasmine-core\lib\jasmine-core\jasmine.js:4264:13
                    at C:\Users\admin\Documents\OtlookAutomatione2e\node_modules\protractor\node_modules\jasmine-core\lib\jasmine-core\jasmine.js:4172:9
                    at C:\Users\admin\Documents\OtlookAutomatione2e\node_modules\jasminewd2\index.js:64:48
                    at ControlFlow.emit (C:\Users\admin\Documents\OtlookAutomatione2e\node_modules\selenium-webdriver\lib\events.js:62:21)
                    at ControlFlow.shutdown_ (C:\Users\admin\Documents\OtlookAutomatione2e\node_modules\selenium-webdriver\lib\promise.js:2674:10)
                    at C:\Users\admin\Documents\OtlookAutomatione2e\node_modules\selenium-webdriver\lib\promise.js:2599:53
                From asynchronous test: 
                Error
                    at C:\Users\admin\Documents\OtlookAutomatione2e\outlookLoginSpec.ts:51:5
                    at C:\Users\admin\Documents\OtlookAutomatione2e\node_modules\jasmine-data-provider\src\index.js:37:22
                    at Array.forEach (&lt;anonymous>)
                    at C:\Users\admin\Documents\OtlookAutomatione2e\node_modules\jasmine-data-provider\src\index.js:30:24
                    at Suite.&lt;anonymous> (C:\Users\admin\Documents\OtlookAutomatione2e\outlookLoginSpec.ts:37:5)
                    at addSpecsToSuite (C:\Users\admin\Documents\OtlookAutomatione2e\node_modules\protractor\node_modules\jasmine-core\lib\jasmine-core\jasmine.js:1107:25)
                    at Env.describe (C:\Users\admin\Documents\OtlookAutomatione2e\node_modules\protractor\node_modules\jasmine-core\lib\jasmine-core\jasmine.js:1074:7)
                    at describe (C:\Users\admin\Documents\OtlookAutomatione2e\node_modules\protractor\node_modules\jasmine-core\lib\jasmine-core\jasmine.js:4399:18)
                    at Object.&lt;anonymous> (C:\Users\admin\Documents\OtlookAutomatione2e\outlookLoginSpec.ts:12:1)</stack-trace>
            </failure>
        </test-case>
        <test-case start='1637509815609' status='pending' stop='1637509815611'>
            <name>Validating Sentbox email header</name>
            <title>Validating Sentbox email header</title>
            <labels/>
            <parameters/>
            <steps/>
            <attachments/>
            <failure>
                <message>Temporarily disabled with xit</message>
                <stack-trace></stack-trace>
            </failure>
        </test-case>
    </test-cases>
</ns2:test-suite>