<?xml version='1.0'?>
<ns2:test-suite xmlns:ns2='urn:model.allure.qatools.yandex.ru' start='1637509990278' stop='1637510001768'>
    <name>Otlook Login Functionality validation</name>
    <title>Otlook Login Functionality validation</title>
    <test-cases>
        <test-case start='1637509991321' status='failed' stop='1637509999240'>
            <name>Outlook LoginFirstData</name>
            <title>Outlook LoginFirstData</title>
            <labels/>
            <parameters/>
            <steps/>
            <attachments/>
            <failure>
                <message>Expected 'Outlook' to be 'Mail - Gampala srikanth - Outlook'.</message>
                <stack-trace>Error: Failed expectation
                    at LoginPage.&lt;anonymous> (C:\Users\admin\Documents\OtlookAutomatione2e\MainBase\base\ProtractorBase.ts:117:41)
                    at Generator.next (&lt;anonymous>)
                    at fulfilled (C:\Users\admin\Documents\OtlookAutomatione2e\JSFiles\MainBase\base\ProtractorBase.js:5:58)
                    at processTicksAndRejections (internal/process/task_queues.js:95:5)</stack-trace>
            </failure>
        </test-case>
        <test-case start='1637509999241' status='pending' stop='1637509999242'>
            <name>Adding Manifest file to outlook</name>
            <title>Adding Manifest file to outlook</title>
            <labels/>
            <parameters/>
            <steps/>
            <attachments/>
            <failure>
                <message>Temporarily disabled with xit</message>
                <stack-trace></stack-trace>
            </failure>
        </test-case>
        <test-case start='1637509999243' status='failed' stop='1637510001632'>
            <name>Validating Sentbox email header</name>
            <title>Validating Sentbox email header</title>
            <labels/>
            <parameters/>
            <steps/>
            <attachments/>
            <failure>
                <message>StaleElementReferenceError: stale element reference: element is not attached to the page document
                  (Session info: chrome=96.0.4664.45)
                For documentation on this error, please visit: https://www.seleniumhq.org/exceptions/stale_element_reference.html
                Build info: version: '3.141.59', revision: 'e82be7d358', time: '2018-11-14T08:25:53'
                System info: host: 'HYDNB207', ip: '192.168.29.249', os.name: 'Windows 10', os.arch: 'amd64', os.version: '10.0', java.version: '11.0.13'
                Driver info: driver.version: unknown</message>
                <stack-trace>StaleElementReferenceError: stale element reference: element is not attached to the page document
                  (Session info: chrome=96.0.4664.45)
                For documentation on this error, please visit: https://www.seleniumhq.org/exceptions/stale_element_reference.html
                Build info: version: '3.141.59', revision: 'e82be7d358', time: '2018-11-14T08:25:53'
                System info: host: 'HYDNB207', ip: '192.168.29.249', os.name: 'Windows 10', os.arch: 'amd64', os.version: '10.0', java.version: '11.0.13'
                Driver info: driver.version: unknown
                    at Object.checkLegacyResponse (C:\Users\admin\Documents\OtlookAutomatione2e\node_modules\selenium-webdriver\lib\error.js:546:15)
                    at parseHttpResponse (C:\Users\admin\Documents\OtlookAutomatione2e\node_modules\selenium-webdriver\lib\http.js:509:13)
                    at C:\Users\admin\Documents\OtlookAutomatione2e\node_modules\selenium-webdriver\lib\http.js:441:30
                    at processTicksAndRejections (internal/process/task_queues.js:95:5)
                From: Task: WebElement.click()
                    at thenableWebDriverProxy.schedule (C:\Users\admin\Documents\OtlookAutomatione2e\node_modules\selenium-webdriver\lib\webdriver.js:807:17)
                    at WebElement.schedule_ (C:\Users\admin\Documents\OtlookAutomatione2e\node_modules\selenium-webdriver\lib\webdriver.js:2010:25)
                    at WebElement.click (C:\Users\admin\Documents\OtlookAutomatione2e\node_modules\selenium-webdriver\lib\webdriver.js:2092:17)
                    at actionFn (C:\Users\admin\Documents\OtlookAutomatione2e\node_modules\protractor\built\element.js:89:44)
                    at Array.map (&lt;anonymous>)
                    at C:\Users\admin\Documents\OtlookAutomatione2e\node_modules\protractor\built\element.js:461:65
                    at ManagedPromise.invokeCallback_ (C:\Users\admin\Documents\OtlookAutomatione2e\node_modules\selenium-webdriver\lib\promise.js:1376:14)
                    at TaskQueue.execute_ (C:\Users\admin\Documents\OtlookAutomatione2e\node_modules\selenium-webdriver\lib\promise.js:3084:14)
                    at TaskQueue.executeNext_ (C:\Users\admin\Documents\OtlookAutomatione2e\node_modules\selenium-webdriver\lib\promise.js:3067:27)
                    at C:\Users\admin\Documents\OtlookAutomatione2e\node_modules\selenium-webdriver\lib\promise.js:2927:27Error
                    at ElementArrayFinder.applyAction_ (C:\Users\admin\Documents\OtlookAutomatione2e\node_modules\protractor\built\element.js:459:27)
                    at ElementArrayFinder.&lt;computed> [as click] (C:\Users\admin\Documents\OtlookAutomatione2e\node_modules\protractor\built\element.js:91:29)
                    at ElementFinder.&lt;computed> [as click] (C:\Users\admin\Documents\OtlookAutomatione2e\node_modules\protractor\built\element.js:831:22)
                    at SentboxPage.&lt;anonymous> (C:\Users\admin\Documents\OtlookAutomatione2e\MainBase\base\ProtractorBase.ts:17:17)
                    at Generator.next (&lt;anonymous>)
                    at fulfilled (C:\Users\admin\Documents\OtlookAutomatione2e\JSFiles\MainBase\base\ProtractorBase.js:5:58)
                    at processTicksAndRejections (internal/process/task_queues.js:95:5)</stack-trace>
            </failure>
        </test-case>
    </test-cases>
</ns2:test-suite>